
> notebookpro-logic-simulator@1.0.0 serve
> npm run build && npm run preview


> notebookpro-logic-simulator@1.0.0 build
> vite build

vite v6.4.1 building for production...
transforming...
✓ 136 modules transformed.
rendering chunks...
computing gzip size...
dist/index.html                                7.53 kB │ gzip:   2.37 kB
dist/assets/SEO-CO22AVTq.js                    0.25 kB │ gzip:   0.22 kB
dist/assets/NotFound-BGXGx5kM.js               1.24 kB │ gzip:   0.61 kB
dist/assets/Toast-CXdFLti7.js                  1.41 kB │ gzip:   0.72 kB
dist/assets/AnimatedComponents-DK7ZIuPe.js     1.45 kB │ gzip:   0.74 kB
dist/assets/Favorites-kCHTeqLk.js              4.95 kB │ gzip:   1.80 kB
dist/assets/RepairTracker-sEE5HuwR.js          5.24 kB │ gzip:   2.01 kB
dist/assets/Service-DOcY2Bfs.js                6.08 kB │ gzip:   1.92 kB
dist/assets/Orders-CqRhomHc.js                 7.20 kB │ gzip:   2.31 kB
dist/assets/Products-Be4vv_HJ.js               7.63 kB │ gzip:   2.41 kB
dist/assets/Contact-Cqs9aNft.js                9.07 kB │ gzip:   2.85 kB
dist/assets/ProductDetail-DQCcJlVp.js          9.46 kB │ gzip:   2.75 kB
dist/assets/Cart-BcLwR4DY.js                  10.00 kB │ gzip:   3.01 kB
dist/assets/Home-C5ueVpCu.js                  11.14 kB │ gzip:   3.88 kB
dist/assets/Profile-7E4ssI1v.js               11.80 kB │ gzip:   2.84 kB
dist/assets/Checkout-QxfPvjCu.js              19.01 kB │ gzip:   5.43 kB
dist/assets/TechnicianDashboard-vGHgnR2f.js   19.38 kB │ gzip:   3.94 kB
dist/assets/DealerDashboard-BQHx6Qlf.js       22.03 kB │ gzip:   4.45 kB
dist/assets/AdminDashboard-Cb50Lc_I.js       130.54 kB │ gzip:  24.23 kB
dist/assets/index-C8Bb-cR8.js                358.06 kB │ gzip: 114.99 kB
✓ built in 837ms

> notebookpro-logic-simulator@1.0.0 preview
> vite preview --port 4173 --host

  ➜  Local:   http://localhost:4173/
  ➜  Network: http://192.168.1.3:4173/
  ➜  press h + enter to show help
